1
                                         HYPO71PC SETUP FOR NTS  (HYPO71PC.HDR)         



 ***** PROGRAM: HYPO71PC (Version 1: 11/29/85) *****


             TEST(1)  TEST(2)  TEST(3)  TEST(4)  TEST(5)  TEST(6)  TEST(7)  TEST(8)  TEST(9) TEST(10) TEST(11) TEST(12) TEST(13)
 STANDARD    0.1000  10.0000   2.0000   0.0500   5.0000   4.0000  -0.8700   2.0000   0.0035 100.0000   8.0000   0.5000   1.0000
 RESET TO    0.1000  10.0000   2.0000   0.0500   5.0000   1.0000  -0.8700   2.0000   0.0035 100.0000   8.0000   0.5000   1.0000

    L     STN     LAT     LONG    ELV DELAY     FMGC  XMGC KL  PRR  CALR IC      DATE HRMN
    1    XXX  3644.05N 11618.95W    0  0.00     0.00   0.00 0 0.00   0.00 0          0   0
    2    RSFC 3652.00N 11626.00W    0  0.00     0.00   0.00 0 0.00   0.00 0          0   0
    3    REST 3653.00N 11629.00W    0  0.00     0.00   0.00 0 0.00   0.00 0          0   0
    4    DUN  3641.13N 11632.25W    0  0.00     0.00   0.00 0 0.00   0.00 0          0   0
    5    YUC2 3637.22N 11612.84W    0  0.00     0.00   0.00 0 0.00   0.00 0          0   0
    6    BND  3639.87N 11612.29W    0  0.00     0.00   0.00 0 0.00   0.00 0          0   0
    7    TPP  3643.37N 116 7.74W    0  0.00     0.00   0.00 0 0.00   0.00 0          0   0
    8    SLS  3642.00N 11616.02W    0  0.00     0.00   0.00 0 0.00   0.00 0          0   0
    9    TWR  3646.43N 11614.29W    0  0.00     0.00   0.00 0 0.00   0.00 0          0   0
   10    TCT  3648.34N 116 8.95W    0  0.00     0.00   0.00 0 0.00   0.00 0          0   0
   11    MVR  3651.65N 11613.60W    0  0.00     0.00   0.00 0 0.00   0.00 0          0   0
   12    COM  3643.72N 11613.41W    0  0.00     0.00   0.00 0 0.00   0.00 0          0   0
   13    JAC  3645.84N 11622.43W    0  0.00     0.00   0.00 0 0.00   0.00 0          0   0
   14    LSD  3643.81N 11619.61W    0  0.00     0.00   0.00 0 0.00   0.00 0          0   0
   15    TOW  3647.27N 11619.70W    0  0.00     0.00   0.00 0 0.00   0.00 0          0   0
   16    LAT  3640.65N 11622.84W    0  0.00     0.00   0.00 0 0.00   0.00 0          0   0
   17    CAL  3651.42N 11617.45W    0  0.00     0.00   0.00 0 0.00   0.00 0          0   0
   18    SPW  3641.30N 11610.69W    0  0.00     0.00   0.00 0 0.00   0.00 0          0   0
   19    SPE  3639.22N 116 7.09W    0  0.00     0.00   0.00 0 0.00   0.00 0          0   0
   20    YU1K 3649.04N 11628.09W 1335  0.00     0.00   0.00 0 0.00   0.00 0          0   0
   21    YU2K 3651.20N 11625.60W    0  0.00     0.00   0.00 0 0.00   0.00 0          0   0
   22    KNOB 3641.88N 11620.82W    0  0.00     0.00   0.00 0 0.00   0.00 0          0   0
   23    ROCK 3642.20N 11614.50W    0  0.00     0.00   0.00 0 0.00   0.00 0          0   0
   24    WELL 3638.65N 11623.92W  859  0.00     0.00   0.00 0 0.00   0.00 0          0   0
   25    GOLD 3626.87N 116 5.89W    0  0.00     0.00   0.00 0 0.00   0.00 0          0   0



       CRUSTAL MODEL 1
     VELOCITY     DEPTH
        3.800     0.000
        5.900     1.000
        6.150     3.000
        6.900    24.000
        7.800    32.000



KS Z XNEAR XFAR  POS   IQ  KMS  KFM IPUN IMAG   IR IPRN CODE   LATR      LONR
 0  5.  25.  50. 1.78    2    1    0    1    1    0    100011   0  0.00   0  0.00
1

                               HYPO71PC SETUP FOR NTS  (HYPO71PC.HDR)                                          92/ 7/ 5     6:54

                                                             ADJUSTMENTS (KM)  PARTIAL F-VALUES  STANDARD ERRORS  ADJUSTMENTS TAKEN
  I  ORIG  LAT N    LONG W   DEPTH  DM  RMS AVRPS SKD   CF   DLAT  DLON    DZ  DLAT  DLON    DZ  DLAT  DLON    DZ  DLAT  DLON    DZ
  1 13.65 36-43.82 116-13.51  5.00   0 0.55  0.00 D0C  2.00  0.00  4.76  3.37  0.02 61.85  6.49  0.00  0.61  1.32  0.00  4.76  3.37
  2 13.51 36-43.82 116-16.71  8.37   5 0.10 -0.17 A4B  2.00  0.53  0.00  0.00  0.97 -1.00 -1.00  0.54  0.00  0.00  0.00  0.00  0.00
  2 13.34 36-43.82 116-16.71  8.37   5 0.10  0.00 B2B  2.00  0.43  0.26 -0.52  0.29  0.13  0.04  0.79  0.72  2.66  0.00  0.00  0.00


  DATE    ORIGIN    LAT N    LONG W    DEPTH    MAG NO DM GAP M  RMS  ERH  ERZ Q SQD  ADJ IN NR  AVR  AAR NM AVXM SDXM NF AVFM SDFM I
 920705  654 13.34 36-43.82 116-16.71   8.37         6  5 117 1 0.10  1.1  2.7 B B|B 5.84  0 12 0.00 0.08  0  0.0  0.0  0  0.0  0.0 2

  STN  DIST AZM AIN PRMK HRMN P-SEC TPOBS TPCAL DLY/H1 P-RES P-WT AMX PRX CALX K XMAG RMK FMP FMAG SRMK S-SEC TSOBS S-RES  S-WT    DT
 COMN   4.8  92 148 EPD4  654 15.03  1.60  1.71  0.00 -0.01  1.05   0  0  0.00 0                    S 1 16.23  2.89 -0.14   0.0
 TOWN   7.8 325 135 IPU5  654 15.39  4.05  2.00  0.00  0.05  1.05   0  0  0.00 0                    S 1 17.08  3.74  0.18   0.0
 SPWN  10.1 117 127 EP+0  654 15.59  2.25  2.28  0.00 -0.03  1.05   0  0  0.00 0                    S 1 17.30  3.96 -0.11   0.0
 LATN  10.9 237 125 IR-1  654 15.68  2.34  2.38  0.00 -0.04  1.05   0  0  0.00 0                    S 1 17.57  4.23 -0.01   0.0
 CALN  14.1 356 118 EPN2  654 16.03  2.69  2.84  0.00 -0.14  0.97   0  0  0.00 0                    S 3 18.20  4.86 -0.19   0.0
 SPEN  16.7 121 114 IPU3  654 16.76  3.42  3.21  0.00  0.21  0.85   0  0  0.00 0                    S 3 19.35  6.01  0.30   0.0

          MISSING STATION  DELTA   AZIM  EX-GAP  RD-GAP
                     XXX     3.4  277.3    87.8    40.0
                     YUC2   13.5  154.7   116.6    34.0
                     SLS     3.5  163.1   116.6    42.3
                     TWR     6.0   36.7    96.6    41.2
                     TCT    14.3   54.1    96.6    38.1
                     JAC     9.3  293.7    87.8    31.4
                     LSD     4.3  269.8    87.8    32.5
                     ROCK    4.4  132.3   116.6    11.6
                     GOLD   35.3  152.8   116.6    32.1
1 ***** CLASS:     A     B     C     D TOTAL *****

       NUMBER:   0.0   1.0   0.0   0.0   1.0

            %:   0.0 100.0   0.0   0.0



          TRAVELTIME RESIDUALS (MODEL=1)     TRAVELTIME RESIDUALS (MODEL=2)     X-MAGNITUDE RESIDUALS      F-MAGNITUDE RESIDUALS
 STATION   NRES    SRWT   AVRES   SDRES       NRES    SRWT   AVRES   SDRES        NXM    AVXM    SDXM        NFM    AVFM    SDFM
    XXX       0    0.00    0.00    0.00          0    0.00    0.00    0.00          0    0.00    0.00          0    0.00    0.00
    RSFC      0    0.00    0.00    0.00          0    0.00    0.00    0.00          0    0.00    0.00          0    0.00    0.00
    REST      0    0.00    0.00    0.00          0    0.00    0.00    0.00          0    0.00    0.00          0    0.00    0.00
    DUN       0    0.00    0.00    0.00          0    0.00    0.00    0.00          0    0.00    0.00          0    0.00    0.00
    YUC2      0    0.00    0.00    0.00          0    0.00    0.00    0.00          0    0.00    0.00          0    0.00    0.00
    BND       0    0.00    0.00    0.00          0    0.00    0.00    0.00          0    0.00    0.00          0    0.00    0.00
    TPP       0    0.00    0.00    0.00          0    0.00    0.00    0.00          0    0.00    0.00          0    0.00    0.00
    SLS       0    0.00    0.00    0.00          0    0.00    0.00    0.00          0    0.00    0.00          0    0.00    0.00
    TWR       0    0.00    0.00    0.00          0    0.00    0.00    0.00          0    0.00    0.00          0    0.00    0.00
    TCT       0    0.00    0.00    0.00          0    0.00    0.00    0.00          0    0.00    0.00          0    0.00    0.00
    MVR       0    0.00    0.00    0.00          0    0.00    0.00    0.00          0    0.00    0.00          0    0.00    0.00
    COM       1    1.05   -0.01    0.00          0    0.00    0.00    0.00          0    0.00    0.00          0    0.00    0.00
    JAC       0    0.00    0.00    0.00          0    0.00    0.00    0.00          0    0.00    0.00          0    0.00    0.00
    LSD       0    0.00    0.00    0.00          0    0.00    0.00    0.00          0    0.00    0.00          0    0.00    0.00
    TOW       1    1.05    0.05    0.00          0    0.00    0.00    0.00          0    0.00    0.00          0    0.00    0.00
    LAT       1    1.05   -0.04    0.00          0    0.00    0.00    0.00          0    0.00    0.00          0    0.00    0.00
    CAL       1    0.97   -0.14    0.00          0    0.00    0.00    0.00          0    0.00    0.00          0    0.00    0.00
    SPW       1    1.05   -0.03    0.00          0    0.00    0.00    0.00          0    0.00    0.00          0    0.00    0.00
    SPE       1    0.85    0.21    0.00          0    0.00    0.00    0.00          0    0.00    0.00          0    0.00    0.00
    YU1K      0    0.00    0.00    0.00          0    0.00    0.00    0.00          0    0.00    0.00          0    0.00    0.00
    YU2K      0    0.00    0.00    0.00          0    0.00    0.00    0.00          0    0.00    0.00          0    0.00    0.00
    KNOB      0    0.00    0.00    0.00          0    0.00    0.00    0.00          0    0.00    0.00          0    0.00    0.00
    ROCK      0    0.00    0.00    0.00          0    0.00    0.00    0.00          0    0.00    0.00          0    0.00    0.00
    WELL      0    0.00    0.00    0.00          0    0.00    0.00    0.00          0    0.00    0.00          0    0.00    0.00
    GOLD      0    0.00    0.00    0.00          0    0.00    0.00    0.00          0    0.00    0.00          0    0.00    0.00
